Release 14.7 - xst P.20131013 (nt)
Copyright (c) 1995-2013 Xilinx, Inc.  All rights reserved.
--> Parameter TMPDIR set to xst/projnav.tmp


Total REAL time to Xst completion: 0.00 secs
Total CPU time to Xst completion: 0.07 secs
 
--> Parameter xsthdpdir set to xst


Total REAL time to Xst completion: 0.00 secs
Total CPU time to Xst completion: 0.07 secs
 
--> Reading design: COUNT_8BIT.prj

TABLE OF CONTENTS
  1) Synthesis Options Summary
  2) HDL Compilation
  3) Design Hierarchy Analysis
  4) HDL Analysis
  5) HDL Synthesis
     5.1) HDL Synthesis Report
  6) Advanced HDL Synthesis
     6.1) Advanced HDL Synthesis Report
  7) Low Level Synthesis
  8) Partition Report
  9) Final Report
	9.1) Device utilization summary
	9.2) Partition Resource Summary
	9.3) TIMING REPORT


=========================================================================
*                      Synthesis Options Summary                        *
=========================================================================
---- Source Parameters
Input File Name                    : "COUNT_8BIT.prj"
Input Format                       : mixed
Ignore Synthesis Constraint File   : NO

---- Target Parameters
Output File Name                   : "COUNT_8BIT"
Output Format                      : NGC
Target Device                      : xc3s200-4-pq208

---- Source Options
Top Module Name                    : COUNT_8BIT
Automatic FSM Extraction           : YES
FSM Encoding Algorithm             : Auto
Safe Implementation                : No
FSM Style                          : LUT
RAM Extraction                     : Yes
RAM Style                          : Auto
ROM Extraction                     : Yes
Mux Style                          : Auto
Decoder Extraction                 : YES
Priority Encoder Extraction        : Yes
Shift Register Extraction          : YES
Logical Shifter Extraction         : YES
XOR Collapsing                     : YES
ROM Style                          : Auto
Mux Extraction                     : Yes
Resource Sharing                   : YES
Asynchronous To Synchronous        : NO
Multiplier Style                   : Auto
Automatic Register Balancing       : No

---- Target Options
Add IO Buffers                     : YES
Global Maximum Fanout              : 500
Add Generic Clock Buffer(BUFG)     : 8
Register Duplication               : YES
Slice Packing                      : YES
Optimize Instantiated Primitives   : NO
Use Clock Enable                   : Yes
Use Synchronous Set                : Yes
Use Synchronous Reset              : Yes
Pack IO Registers into IOBs        : Auto
Equivalent register Removal        : YES

---- General Options
Optimization Goal                  : Speed
Optimization Effort                : 1
Keep Hierarchy                     : No
Netlist Hierarchy                  : As_Optimized
RTL Output                         : Yes
Global Optimization                : AllClockNets
Read Cores                         : YES
Write Timing Constraints           : NO
Cross Clock Analysis               : NO
Hierarchy Separator                : /
Bus Delimiter                      : <>
Case Specifier                     : Maintain
Slice Utilization Ratio            : 100
BRAM Utilization Ratio             : 100
Verilog 2001                       : YES
Auto BRAM Packing                  : NO
Slice Utilization Ratio Delta      : 5

=========================================================================


=========================================================================
*                          HDL Compilation                              *
=========================================================================
Compiling vhdl file "D:/Develop/Circuit/Count_8bit/main.vhd" in Library work.
Architecture hb of Entity count_8bit is up to date.

=========================================================================
*                     Design Hierarchy Analysis                         *
=========================================================================
Analyzing hierarchy for entity <COUNT_8BIT> in library <work> (architecture <hb>).


=========================================================================
*                            HDL Analysis                               *
=========================================================================
Analyzing Entity <COUNT_8BIT> in library <work> (Architecture <hb>).
Entity <COUNT_8BIT> analyzed. Unit <COUNT_8BIT> generated.


=========================================================================
*                           HDL Synthesis                               *
=========================================================================

Performing bidirectional port resolution...

Synthesizing Unit <COUNT_8BIT>.
    Related source file is "D:/Develop/Circuit/Count_8bit/main.vhd".
    Found 8-bit up counter for signal <CNT_8BIT>.
    Summary:
	inferred   1 Counter(s).
Unit <COUNT_8BIT> synthesized.


=========================================================================
HDL Synthesis Report

Macro Statistics
# Counters                                             : 1
 8-bit up counter                                      : 1

=========================================================================

=========================================================================
*                       Advanced HDL Synthesis                          *
=========================================================================


=========================================================================
Advanced HDL Synthesis Report

Macro Statistics
# Counters                                             : 1
 8-bit up counter                                      : 1

=========================================================================

=========================================================================
*                         Low Level Synthesis                           *
=========================================================================

Optimizing unit <COUNT_8BIT> ...

Mapping all equations...
Building and optimizing final netlist ...
Found area constraint ratio of 100 (+ 5) on block COUNT_8BIT, actual ratio is 0.

Final Macro Processing ...

=========================================================================
Final Register Report

Macro Statistics
# Registers                                            : 8
 Flip-Flops                                            : 8

=========================================================================

=========================================================================
*                           Partition Report                            *
=========================================================================

Partition Implementation Status
-------------------------------

  No Partitions were found in this design.

-------------------------------

=========================================================================
*                            Final Report                               *
=========================================================================
Final Results
RTL Top Level Output File Name     : COUNT_8BIT.ngr
Top Level Output File Name         : COUNT_8BIT
Output Format                      : NGC
Optimization Goal                  : Speed
Keep Hierarchy                     : No

Design Statistics
# IOs                              : 10

Cell Usage :
# BELS                             : 36
#      GND                         : 1
#      INV                         : 2
#      LUT1                        : 7
#      LUT3                        : 8
#      LUT4_D                      : 2
#      MUXCY                       : 7
#      VCC                         : 1
#      XORCY                       : 8
# FlipFlops/Latches                : 8
#      FDC                         : 8
# Clock Buffers                    : 1
#      BUFGP                       : 1
# IO Buffers                       : 9
#      IBUF                        : 1
#      OBUF                        : 8
=========================================================================

Device utilization summary:
---------------------------

Selected Device : 3s200pq208-4 

 Number of Slices:                        9  out of   1920     0%  
 Number of Slice Flip Flops:              8  out of   3840     0%  
 Number of 4 input LUTs:                 19  out of   3840     0%  
 Number of IOs:                          10
 Number of bonded IOBs:                  10  out of    141     7%  
 Number of GCLKs:                         1  out of      8    12%  

---------------------------
Partition Resource Summary:
---------------------------

  No Partitions were found in this design.

---------------------------


=========================================================================
TIMING REPORT

NOTE: THESE TIMING NUMBERS ARE ONLY A SYNTHESIS ESTIMATE.
      FOR ACCURATE TIMING INFORMATION PLEASE REFER TO THE TRACE REPORT
      GENERATED AFTER PLACE-and-ROUTE.

Clock Information:
------------------
-----------------------------------+------------------------+-------+
Clock Signal                       | Clock buffer(FF name)  | Load  |
-----------------------------------+------------------------+-------+
CLK                                | BUFGP                  | 8     |
-----------------------------------+------------------------+-------+

Asynchronous Control Signals Information:
----------------------------------------
-----------------------------------+------------------------+-------+
Control Signal                     | Buffer(FF name)        | Load  |
-----------------------------------+------------------------+-------+
RESETN_inv(RESETN_inv1_INV_0:O)    | NONE(CNT_8BIT_0)       | 8     |
-----------------------------------+------------------------+-------+

Timing Summary:
---------------
Speed Grade: -4

   Minimum period: 5.864ns (Maximum Frequency: 170.532MHz)
   Minimum input arrival time before clock: No path found
   Maximum output required time after clock: 7.271ns
   Maximum combinational path delay: No path found

Timing Detail:
--------------
All values displayed in nanoseconds (ns)

=========================================================================
Timing constraint: Default period analysis for Clock 'CLK'
  Clock period: 5.864ns (frequency: 170.532MHz)
  Total number of paths / destination ports: 100 / 8
-------------------------------------------------------------------------
Delay:               5.864ns (Levels of Logic = 9)
  Source:            CNT_8BIT_1 (FF)
  Destination:       CNT_8BIT_7 (FF)
  Source Clock:      CLK rising
  Destination Clock: CLK rising

  Data Path: CNT_8BIT_1 to CNT_8BIT_7
                                Gate     Net
    Cell:in->out      fanout   Delay   Delay  Logical Name (Net Name)
    ----------------------------------------  ------------
     FDC:C->Q              3   0.720   1.246  CNT_8BIT_1 (CNT_8BIT_1)
     LUT1:I0->O            1   0.551   0.000  Mcount_CNT_8BIT_cy<1>_rt (Mcount_CNT_8BIT_cy<1>_rt)
     MUXCY:S->O            1   0.500   0.000  Mcount_CNT_8BIT_cy<1> (Mcount_CNT_8BIT_cy<1>)
     MUXCY:CI->O           1   0.064   0.000  Mcount_CNT_8BIT_cy<2> (Mcount_CNT_8BIT_cy<2>)
     MUXCY:CI->O           1   0.064   0.000  Mcount_CNT_8BIT_cy<3> (Mcount_CNT_8BIT_cy<3>)
     MUXCY:CI->O           1   0.064   0.000  Mcount_CNT_8BIT_cy<4> (Mcount_CNT_8BIT_cy<4>)
     MUXCY:CI->O           1   0.064   0.000  Mcount_CNT_8BIT_cy<5> (Mcount_CNT_8BIT_cy<5>)
     MUXCY:CI->O           0   0.064   0.000  Mcount_CNT_8BIT_cy<6> (Mcount_CNT_8BIT_cy<6>)
     XORCY:CI->O           1   0.904   0.869  Mcount_CNT_8BIT_xor<7> (Result<7>)
     LUT3:I2->O            1   0.551   0.000  Mcount_CNT_8BIT_eqn_71 (Mcount_CNT_8BIT_eqn_7)
     FDC:D                     0.203          CNT_8BIT_7
    ----------------------------------------
    Total                      5.864ns (3.749ns logic, 2.115ns route)
                                       (63.9% logic, 36.1% route)

=========================================================================
Timing constraint: Default OFFSET OUT AFTER for Clock 'CLK'
  Total number of paths / destination ports: 8 / 8
-------------------------------------------------------------------------
Offset:              7.271ns (Levels of Logic = 1)
  Source:            CNT_8BIT_7 (FF)
  Destination:       COUNT_OUT<7> (PAD)
  Source Clock:      CLK rising

  Data Path: CNT_8BIT_7 to COUNT_OUT<7>
                                Gate     Net
    Cell:in->out      fanout   Delay   Delay  Logical Name (Net Name)
    ----------------------------------------  ------------
     FDC:C->Q              3   0.720   0.907  CNT_8BIT_7 (CNT_8BIT_7)
     OBUF:I->O                 5.644          COUNT_OUT_7_OBUF (COUNT_OUT<7>)
    ----------------------------------------
    Total                      7.271ns (6.364ns logic, 0.907ns route)
                                       (87.5% logic, 12.5% route)

=========================================================================


Total REAL time to Xst completion: 3.00 secs
Total CPU time to Xst completion: 2.97 secs
 
--> 

Total memory usage is 249824 kilobytes

Number of errors   :    0 (   0 filtered)
Number of warnings :    0 (   0 filtered)
Number of infos    :    0 (   0 filtered)

