--------------------------------------------------------------------------------
Release 14.7 Trace  (nt)
Copyright (c) 1995-2013 Xilinx, Inc.  All rights reserved.

D:\Tool\Circuit\Xilinx_ISE\14.7\ISE_DS\ISE\bin\nt\unwrapped\trce.exe -intstyle
ise -v 3 -s 4 -n 3 -fastpaths -xml COUNT_8BIT.twx COUNT_8BIT.ncd -o
COUNT_8BIT.twr COUNT_8BIT.pcf

Design file:              COUNT_8BIT.ncd
Physical constraint file: COUNT_8BIT.pcf
Device,package,speed:     xc3s200,pq208,-4 (PRODUCTION 1.39 2013-10-13)
Report level:             verbose report

Environment Variable      Effect 
--------------------      ------ 
NONE                      No environment variables were set
--------------------------------------------------------------------------------

INFO:Timing:2698 - No timing constraints found, doing default enumeration.
INFO:Timing:3412 - To improve timing, see the Timing Closure User Guide (UG612).
INFO:Timing:2752 - To get complete path coverage, use the unconstrained paths 
   option. All paths that are not constrained will be reported in the 
   unconstrained paths section(s) of the report.
INFO:Timing:3339 - The clock-to-out numbers in this timing report are based on 
   a 50 Ohm transmission line loading model.  For the details of this model, 
   and for more information on accounting for different loading conditions, 
   please see the device datasheet.
INFO:Timing:3390 - This architecture does not support a default System Jitter 
   value, please add SYSTEM_JITTER constraint to the UCF to modify the Clock 
   Uncertainty calculation.
INFO:Timing:3389 - This architecture does not support 'Discrete Jitter' and 
   'Phase Error' calculations, these terms will be zero in the Clock 
   Uncertainty calculation.  Please make appropriate modification to 
   SYSTEM_JITTER to account for the unsupported Discrete Jitter and Phase 
   Error.



Data Sheet report:
-----------------
All values displayed in nanoseconds (ns)

Clock CLK to Pad
------------+------------+------------------+--------+
            | clk (edge) |                  | Clock  |
Destination |   to PAD   |Internal Clock(s) | Phase  |
------------+------------+------------------+--------+
COUNT_OUT<0>|    9.886(R)|CLK_BUFGP         |   0.000|
COUNT_OUT<1>|    9.451(R)|CLK_BUFGP         |   0.000|
COUNT_OUT<2>|    9.263(R)|CLK_BUFGP         |   0.000|
COUNT_OUT<3>|    9.216(R)|CLK_BUFGP         |   0.000|
COUNT_OUT<4>|    9.808(R)|CLK_BUFGP         |   0.000|
COUNT_OUT<5>|    9.795(R)|CLK_BUFGP         |   0.000|
COUNT_OUT<6>|    9.969(R)|CLK_BUFGP         |   0.000|
COUNT_OUT<7>|    9.639(R)|CLK_BUFGP         |   0.000|
------------+------------+------------------+--------+

Clock to Setup on destination clock CLK
---------------+---------+---------+---------+---------+
               | Src:Rise| Src:Fall| Src:Rise| Src:Fall|
Source Clock   |Dest:Rise|Dest:Rise|Dest:Fall|Dest:Fall|
---------------+---------+---------+---------+---------+
CLK            |    4.471|         |         |         |
---------------+---------+---------+---------+---------+


Analysis completed Tue Mar 21 14:32:00 2017 
--------------------------------------------------------------------------------

Trace Settings:
-------------------------
Trace Settings 

Peak Memory Usage: 119 MB



